<?xml version="1.0" encoding="UTF-8"?>
<!-- Generated by org.testng.reporters.JUnitReportReporter -->
<testsuite hostname="UmairR-A555" failures="0" tests="2" name="com.qa.test.GetAPITest" time="2.574" errors="0" timestamp="2020-04-03T12:55:11 WAT" skipped="0">
  <testcase classname="com.qa.test.GetAPITest" name="getAPITestWithoutHeaders" time="2.023"/>
  <system-out/>
  <testcase classname="com.qa.test.GetAPITest" name="getAPITestWithHeaders" time="0.551"/>
  <system-out/>
</testsuite> <!-- com.qa.test.GetAPITest -->
