<?xml version="1.0" encoding="UTF-8"?>
<!-- Generated by org.testng.reporters.JUnitReportReporter -->
<testsuite hostname="UmairR-A555" failures="0" tests="1" name="com.qa.test.PostAPITest" time="1.893" errors="0" timestamp="2020-04-11T11:05:46 WAT" skipped="0">
  <testcase classname="com.qa.test.PostAPITest" name="PostAPITest" time="1.893"/>
  <system-out/>
</testsuite> <!-- com.qa.test.PostAPITest -->
